[2014-11-26 18:29:48] START
[2014-11-26 21:53:18] EDIT dining_hall_helper/models/db.py: -21
[2014-11-26 21:56:23] EDIT dining_hall_helper/controllers/default.py: 1
[2014-11-26 21:56:50] EDIT dining_hall_helper/controllers/default.py: -1
[2014-11-26 21:57:37] EDIT dining_hall_helper/controllers/default.py: -42
[2014-11-26 21:57:59] EDIT dining_hall_helper/controllers/default.py: 0
[2014-11-26 22:01:56] EDIT dining_hall_helper/models/db.py: 0
[2014-11-26 22:02:32] EDIT dining_hall_helper/models/db.py: 0
[2014-11-26 22:09:11] CREATE form.py: 0
[2014-11-26 22:09:51] EDIT dining_hall_helper/models/form.py: 6
[2014-11-26 22:11:01] EDIT dining_hall_helper/models/form.py: 0
[2014-11-26 22:11:02] EDIT dining_hall_helper/models/form.py: 0
[2014-11-26 22:11:41] EDIT dining_hall_helper/controllers/default.py: 0
[2014-11-26 22:11:44] EDIT dining_hall_helper/models/form.py: 0
[2014-11-26 22:13:26] EDIT dining_hall_helper/controllers/default.py: 0
[2014-11-26 22:13:28] EDIT dining_hall_helper/models/db.py: 0
[2014-11-26 22:13:43] EDIT dining_hall_helper/models/db.py: 0
[2014-11-26 22:13:45] EDIT dining_hall_helper/controllers/default.py: 0
[2014-11-26 22:13:47] EDIT dining_hall_helper/models/db.py: 0
[2014-11-26 22:13:49] EDIT dining_hall_helper/models/db.py: 0
[2014-11-26 22:14:19] DELETE dining_hall_helper/models/form.py: -6
[2014-11-26 22:14:34] EDIT dining_hall_helper/models/db.py: 0
[2014-11-26 22:15:56] EDIT dining_hall_helper/models/db.py: 0
[2014-11-26 22:16:35] EDIT dining_hall_helper/models/db.py: 0
[2014-11-26 22:17:30] EDIT dining_hall_helper/controllers/default.py: -7
[2014-11-26 22:17:59] EDIT dining_hall_helper/models/db.py: 0
[2014-11-26 22:19:28] EDIT dining_hall_helper/models/db.py: 1
[2014-11-26 22:21:09] EDIT dining_hall_helper/views/default/index.html: -31
[2014-11-26 22:23:37] EDIT dining_hall_helper/views/default/index.html: 2
[2014-11-26 22:24:42] CREATE default/register.html: 0
[2014-11-26 22:25:02] EDIT dining_hall_helper/views/default/register.html: -2
[2014-11-26 22:25:28] EDIT dining_hall_helper/controllers/default.py: 2
[2014-11-26 22:27:32] EDIT dining_hall_helper/controllers/default.py: 0
[2014-11-26 22:34:18] EDIT dining_hall_helper/controllers/default.py: 2
[2014-11-26 22:35:48] EDIT dining_hall_helper/controllers/default.py: 0
[2014-11-26 22:37:14] EDIT dining_hall_helper/controllers/default.py: -1
[2014-11-26 22:38:16] EDIT dining_hall_helper/views/default/register.html: 13
[2014-11-26 22:39:08] EDIT dining_hall_helper/views/default/register.html: 0
[2014-11-26 22:40:37] EDIT dining_hall_helper/controllers/default.py: 2
[2014-11-26 22:40:46] EDIT dining_hall_helper/controllers/default.py: 0
[2014-11-26 22:41:07] EDIT dining_hall_helper/controllers/default.py: 0
[2014-11-26 22:41:25] EDIT dining_hall_helper/controllers/default.py: 0
[2014-11-26 22:41:35] EDIT dining_hall_helper/controllers/default.py: 0
[2014-11-26 22:42:13] EDIT dining_hall_helper/controllers/default.py: 0
[2014-11-26 22:42:29] EDIT dining_hall_helper/controllers/default.py: 0
[2014-11-26 22:42:43] EDIT dining_hall_helper/controllers/default.py: 0
[2014-11-26 22:44:57] EDIT dining_hall_helper/models/db.py: 0
[2014-11-26 22:45:41] EDIT dining_hall_helper/controllers/default.py: 0
[2014-11-26 22:46:02] EDIT dining_hall_helper/views/default/register.html: -2
[2014-11-26 22:46:26] EDIT dining_hall_helper/views/default/register.html: 0
[2014-11-26 22:46:42] EDIT dining_hall_helper/views/default/register.html: -3
[2014-11-26 22:46:50] EDIT dining_hall_helper/views/default/register.html: -1
[2014-11-26 22:47:07] EDIT dining_hall_helper/views/default/register.html: -6
[2014-11-26 22:48:12] EDIT dining_hall_helper/controllers/default.py: -2
[2014-11-26 22:48:29] EDIT dining_hall_helper/controllers/default.py: 0
[2014-11-26 22:51:08] EDIT dining_hall_helper/controllers/default.py: 0
[2014-11-26 22:51:10] EDIT dining_hall_helper/models/db.py: 0
[2014-11-26 22:51:18] EDIT dining_hall_helper/views/default/index.html: 0
[2014-11-26 22:51:20] EDIT dining_hall_helper/views/default/register.html: 0
[2014-11-26 22:52:10] EDIT dining_hall_helper/views/default/register.html: 1
[2014-11-26 22:53:06] EDIT dining_hall_helper/views/default/register.html: -1
[2014-11-26 23:00:34] EDIT dining_hall_helper/views/default/index.html: 1
[2014-11-26 23:00:56] EDIT dining_hall_helper/views/default/index.html: 1
[2014-11-26 23:01:51] EDIT dining_hall_helper/views/default/index.html: 0
[2014-11-26 23:02:02] CREATE default/login.html: 0
[2014-11-26 23:02:36] EDIT dining_hall_helper/views/default/login.html: -2
[2014-11-26 23:03:14] EDIT dining_hall_helper/controllers/default.py: 2
[2014-11-26 23:06:37] EDIT dining_hall_helper/controllers/default.py: 0
[2014-11-26 23:21:46] EDIT dining_hall_helper/controllers/default.py: 1
[2014-11-26 23:22:31] EDIT dining_hall_helper/models/db.py: -1
[2014-11-26 23:22:42] EDIT dining_hall_helper/controllers/default.py: 0
[2014-11-26 23:33:35] EDIT dining_hall_helper/models/db.py: 2
[2014-11-26 23:34:33] EDIT dining_hall_helper/models/db.py: 0
[2014-11-26 23:35:14] EDIT dining_hall_helper/models/db.py: 0
[2014-11-26 23:35:45] EDIT dining_hall_helper/models/db.py: 0
[2014-11-27 00:06:27] EDIT dining_hall_helper/models/db.py: -6
[2014-11-27 00:08:13] EDIT dining_hall_helper/models/db.py: 2
[2014-11-27 00:11:02] DELETE dining_hall_helper/views/default/login.html: -1
[2014-11-27 00:11:35] EDIT dining_hall_helper/views/default/register.html: 0
[2014-11-27 00:11:38] EDIT dining_hall_helper/views/default/index.html: 0
[2014-11-27 00:12:05] EDIT dining_hall_helper/views/default/index.html: 0
[2014-11-27 00:13:10] EDIT dining_hall_helper/controllers/default.py: 2
[2014-11-27 00:15:14] EDIT dining_hall_helper/controllers/default.py: -1
[2014-11-27 00:15:23] EDIT dining_hall_helper/views/default/index.html: 0
[2014-11-27 00:15:31] CREATE default/home.html: 0
[2014-11-27 00:16:21] EDIT dining_hall_helper/controllers/default.py: 1
[2014-11-27 00:17:17] EDIT dining_hall_helper/models/db.py: 0
[2014-11-27 00:19:44] DELETE dining_hall_helper/views/default/register.html: -2
[2014-11-27 00:20:01] CREATE default/login.html: 0
[2014-11-27 00:20:35] EDIT dining_hall_helper/views/default/login.html: -1
[2014-11-27 00:21:25] DELETE dining_hall_helper/views/default/login.html: -2
[2014-11-27 00:22:05] EDIT dining_hall_helper/views/default/index.html: -2
[2014-11-27 00:25:49] EDIT dining_hall_helper/views/default/home.html: -2
[2014-11-27 00:30:10] EDIT dining_hall_helper/controllers/default.py: -3
[2014-11-27 00:34:29] EDIT dining_hall_helper/models/db.py: 1
[2014-11-27 00:37:59] EDIT dining_hall_helper/models/db.py: 1
[2014-11-27 00:38:42] EDIT dining_hall_helper/models/db.py: -1
[2014-11-27 00:45:30] EDIT dining_hall_helper/models/db.py: 1
[2014-11-27 00:46:05] EDIT dining_hall_helper/models/db.py: 0
[2014-11-27 00:46:07] EDIT dining_hall_helper/models/db.py: 0
[2014-11-27 00:47:16] EDIT dining_hall_helper/models/db.py: 0
[2014-11-27 00:52:38] EDIT dining_hall_helper/models/db.py: 0
