timestamp: 2014-11-26T18:29:51.144137
CREATE TABLE auth_user(
    id INTEGER PRIMARY KEY AUTOINCREMENT,
    first_name CHAR(128),
    last_name CHAR(128),
    email CHAR(512),
    password CHAR(512),
    registration_key CHAR(512),
    reset_password_key CHAR(512),
    registration_id CHAR(512)
);
success!
timestamp: 2014-11-26T18:29:51.148368
CREATE TABLE auth_group(
    id INTEGER PRIMARY KEY AUTOINCREMENT,
    role CHAR(512),
    description TEXT
);
success!
timestamp: 2014-11-26T18:29:51.150792
CREATE TABLE auth_membership(
    id INTEGER PRIMARY KEY AUTOINCREMENT,
    user_id INTEGER REFERENCES auth_user (id) ON DELETE CASCADE,
    group_id INTEGER REFERENCES auth_group (id) ON DELETE CASCADE
);
success!
timestamp: 2014-11-26T18:29:51.153554
CREATE TABLE auth_permission(
    id INTEGER PRIMARY KEY AUTOINCREMENT,
    group_id INTEGER REFERENCES auth_group (id) ON DELETE CASCADE,
    name CHAR(512),
    table_name CHAR(512),
    record_id INTEGER
);
success!
timestamp: 2014-11-26T18:29:51.156547
CREATE TABLE auth_event(
    id INTEGER PRIMARY KEY AUTOINCREMENT,
    time_stamp TIMESTAMP,
    client_ip CHAR(512),
    user_id INTEGER REFERENCES auth_user (id) ON DELETE CASCADE,
    origin CHAR(512),
    description TEXT
);
success!
timestamp: 2014-11-26T18:29:51.159543
CREATE TABLE auth_cas(
    id INTEGER PRIMARY KEY AUTOINCREMENT,
    user_id INTEGER REFERENCES auth_user (id) ON DELETE CASCADE,
    created_on TIMESTAMP,
    service CHAR(512),
    ticket CHAR(512),
    renew CHAR(1)
);
success!
timestamp: 2014-11-26T21:53:25.418851
CREATE TABLE register(
    id INTEGER PRIMARY KEY AUTOINCREMENT,
    first_name CHAR(512),
    last_name CHAR(512),
    email CHAR(512),
    email_validate CHAR(512)
);
success!
success!
timestamp: 2014-11-26T22:11:12.317533
CREATE TABLE register(
    id INTEGER PRIMARY KEY AUTOINCREMENT,
    first_name CHAR(512),
    last_name CHAR(512),
    email CHAR(512) UNIQUE,
    email_validate CHAR(512)
);
success!
timestamp: 2014-12-04T01:47:27.459473
CREATE TABLE dish(
    id INTEGER PRIMARY KEY AUTOINCREMENT,
    name CHAR(512),
    DH CHAR(512),
    date_served DATE,
    meal CHAR(512)
);
success!
timestamp: 2014-12-04T01:47:27.462678
CREATE TABLE snap(
    id INTEGER PRIMARY KEY AUTOINCREMENT,
    picture CHAR(512),
    picture_file BLOB,
    author INTEGER REFERENCES auth_user (id) ON DELETE CASCADE,
    helpful INTEGER,
    DH CHAR(512),
    time_posted TIMESTAMP
);
success!
timestamp: 2014-12-04T01:47:27.465899
CREATE TABLE rating(
    id INTEGER PRIMARY KEY AUTOINCREMENT,
    quality DOUBLE,
    business DOUBLE,
    DH CHAR(512),
    time_posted TIMESTAMP,
    comments TEXT,
    author INTEGER REFERENCES auth_user (id) ON DELETE CASCADE
);
success!
timestamp: 2014-12-13T20:57:41.352096
CREATE TABLE ratings(
    id INTEGER PRIMARY KEY AUTOINCREMENT,
    dh_name CHAR(512),
    score INTEGER,
    comment TEXT,
    user INTEGER REFERENCES auth_user (id) ON DELETE CASCADE,
    time_posted TIMESTAMP
);
success!
timestamp: 2014-12-13T20:58:22.252447
ALTER TABLE ratings ADD date TIMESTAMP;
success!
success!
success!
success!
success!
success!
success!
success!
success!
success!
success!
success!
success!
success!
success!
success!
success!
success!
success!
success!
success!
success!
success!
success!
success!
success!
success!
success!
success!
success!
success!
success!
success!
success!
success!
success!
success!
success!
success!
success!
success!
success!
success!
success!
success!
success!
success!
success!
success!
success!
success!
success!
success!
success!
success!
success!
success!
success!
success!
success!
success!
success!
success!
success!
success!
success!
success!
success!
success!
success!
success!
success!
success!
success!
success!
success!
success!
success!
success!
success!
success!
success!
success!
success!
success!
success!
success!
success!
success!
success!
success!
success!
success!
success!
success!
success!
success!
success!
success!
success!
success!
success!
success!
success!
success!
timestamp: 2014-12-13T22:44:41.675155
CREATE TABLE snaps(
    id INTEGER PRIMARY KEY AUTOINCREMENT,
    file CHAR(512),
    description CHAR(25),
    user INTEGER REFERENCES auth_user (id) ON DELETE CASCADE,
    date TIMESTAMP
);
success!
success!
success!
success!
success!
success!
success!
success!
success!
success!
success!
success!
success!
success!
timestamp: 2014-12-13T22:52:00.464268
ALTER TABLE snaps ADD dh_name CHAR(512);
success!
success!
success!
success!
success!
success!
success!
success!
success!
success!
success!
success!
success!
success!
success!
success!
success!
success!
success!
success!
success!
success!
success!
success!
success!
success!
success!
success!
success!
success!
success!
success!
success!
success!
timestamp: 2014-12-13T23:52:56.837564
CREATE TABLE posts(
    id INTEGER PRIMARY KEY AUTOINCREMENT,
    dh_name CHAR(512),
    comment TEXT,
    rating INTEGER,
    file CHAR(512),
    user INTEGER REFERENCES auth_user (id) ON DELETE CASCADE,
    date TIMESTAMP
);
success!
success!
success!
success!
success!
success!
success!
success!
success!
success!
success!
success!
success!
success!
success!
success!
success!
success!
success!
success!
success!
success!
success!
success!
success!
success!
success!
success!
success!
success!
success!
success!
success!
success!
success!
success!
success!
success!
success!
success!
success!
success!
success!
success!
success!
success!
success!
success!
success!
success!
success!
success!
success!
success!
success!
success!
success!
success!
success!
success!
success!
success!
success!
success!
success!
success!
success!
success!
success!
success!
success!
success!
success!
timestamp: 2014-12-14T01:01:03.095780
CREATE TABLE link(
    id INTEGER PRIMARY KEY AUTOINCREMENT,
    source INTEGER REFERENCES auth_user (id) ON DELETE CASCADE,
    target INTEGER REFERENCES auth_user (id) ON DELETE CASCADE,
    accepted CHAR(1)
);
success!
success!
success!
success!
success!
success!
success!
success!
success!
success!
success!
